#
# There is insufficient memory for the Java Runtime Environment to continue.
# Native memory allocation (malloc) failed to allocate 1048656 bytes for Chunk::new
# Possible reasons:
#   The system is out of physical RAM or swap space
#   The process is running with CompressedOops enabled, and the Java Heap may be blocking the growth of the native heap
# Possible solutions:
#   Reduce memory load on the system
#   Increase physical memory or swap space
#   Check if swap backing store is full
#   Decrease Java heap size (-Xmx/-Xms)
#   Decrease number of Java threads
#   Decrease Java thread stack sizes (-Xss)
#   Set larger code cache with -XX:ReservedCodeCacheSize=
#   JVM is running with Zero Based Compressed Oops mode in which the Java heap is
#     placed in the first 32GB address space. The Java Heap base address is the
#     maximum limit for the native heap growth. Please use -XX:HeapBaseMinAddress
#     to set the Java Heap base and to place the Java Heap above 32GB virtual address.
# This output file may be truncated or incomplete.
#
#  Out of Memory Error (arena.cpp:189), pid=7332, tid=13056
#
# JRE version: Java(TM) SE Runtime Environment (17.0.14+8) (build 17.0.14+8-LTS-191)
# Java VM: Java HotSpot(TM) 64-Bit Server VM (17.0.14+8-LTS-191, mixed mode, sharing, tiered, compressed oops, compressed class ptrs, g1 gc, windows-amd64)
# No core dump will be written. Minidumps are not enabled by default on client versions of Windows
#

---------------  S U M M A R Y ------------

Command Line: -Dclassworlds.conf=E:\tool\apache-maven-3.9.9-bin\apache-maven-3.9.9\bin\m2.conf -Dmaven.home=E:\tool\apache-maven-3.9.9-bin\apache-maven-3.9.9 -Dlibrary.jansi.path=E:\tool\apache-maven-3.9.9-bin\apache-maven-3.9.9\lib\jansi-native -Dmaven.multiModuleProjectDirectory=E:\project\microservices-demo\order-service org.codehaus.plexus.classworlds.launcher.Launcher spring-boot:run

Host: AMD Ryzen 5 3600 6-Core Processor              , 12 cores, 15G,  Windows 10 , 64 bit Build 19041 (10.0.19041.5915)
Time: Sat Jul 19 21:58:27 2025 SE Asia Standard Time elapsed time: 1.439449 seconds (0d 0h 0m 1s)

---------------  T H R E A D  ---------------

Current thread (0x000001bac55fc050):  JavaThread "C2 CompilerThread2" daemon [_thread_in_native, id=13056, stack(0x0000008e89f00000,0x0000008e8a000000)]


Current CompileTask:
C2:   1439 3699   !   4       org.codehaus.plexus.interpolation.StringSearchInterpolator::interpolate (668 bytes)

Stack: [0x0000008e89f00000,0x0000008e8a000000]
Native frames: (J=compiled Java code, j=interpreted, Vv=VM code, C=native code)
V  [jvm.dll+0x67a38a]
V  [jvm.dll+0x7da7ed]
V  [jvm.dll+0x7dc133]
V  [jvm.dll+0x7dc7a3]
V  [jvm.dll+0x24517f]
V  [jvm.dll+0xab773]
V  [jvm.dll+0xabd3c]
V  [jvm.dll+0x2aa61f]
V  [jvm.dll+0x582209]
V  [jvm.dll+0x21f522]
V  [jvm.dll+0x21f91f]
V  [jvm.dll+0x218ba0]
V  [jvm.dll+0x215c65]
V  [jvm.dll+0x1a2950]
V  [jvm.dll+0x22620b]
V  [jvm.dll+0x2243ab]
V  [jvm.dll+0x790bbc]
V  [jvm.dll+0x78b04a]
V  [jvm.dll+0x679275]
C  [ucrtbase.dll+0x21bb2]
C  [KERNEL32.DLL+0x17374]
C  [ntdll.dll+0x4cc91]


---------------  P R O C E S S  ---------------

Threads class SMR info:
_java_thread_list=0x000001bac600c9e0, length=15, elements={
0x000001badc5e7630, 0x000001baff8381f0, 0x000001baff839390, 0x000001baff84d250,
0x000001baff84eb30, 0x000001baff84f810, 0x000001baff8500e0, 0x000001baff858da0,
0x000001baff859760, 0x000001baff85e840, 0x000001baffa901a0, 0x000001baffa98e90,
0x000001bac54495a0, 0x000001bac55fc050, 0x000001bac63bf140
}

Java Threads: ( => current thread )
  0x000001badc5e7630 JavaThread "main" [_thread_in_Java, id=2092, stack(0x0000008e88b00000,0x0000008e88c00000)]
  0x000001baff8381f0 JavaThread "Reference Handler" daemon [_thread_blocked, id=12292, stack(0x0000008e89200000,0x0000008e89300000)]
  0x000001baff839390 JavaThread "Finalizer" daemon [_thread_blocked, id=16704, stack(0x0000008e89300000,0x0000008e89400000)]
  0x000001baff84d250 JavaThread "Signal Dispatcher" daemon [_thread_blocked, id=13548, stack(0x0000008e89400000,0x0000008e89500000)]
  0x000001baff84eb30 JavaThread "Attach Listener" daemon [_thread_blocked, id=9976, stack(0x0000008e89500000,0x0000008e89600000)]
  0x000001baff84f810 JavaThread "Service Thread" daemon [_thread_blocked, id=7336, stack(0x0000008e89600000,0x0000008e89700000)]
  0x000001baff8500e0 JavaThread "Monitor Deflation Thread" daemon [_thread_blocked, id=10932, stack(0x0000008e89700000,0x0000008e89800000)]
  0x000001baff858da0 JavaThread "C2 CompilerThread0" daemon [_thread_in_native, id=10824, stack(0x0000008e89800000,0x0000008e89900000)]
  0x000001baff859760 JavaThread "C1 CompilerThread0" daemon [_thread_in_native, id=14372, stack(0x0000008e89900000,0x0000008e89a00000)]
  0x000001baff85e840 JavaThread "Sweeper thread" daemon [_thread_blocked, id=15116, stack(0x0000008e89a00000,0x0000008e89b00000)]
  0x000001baffa901a0 JavaThread "Notification Thread" daemon [_thread_blocked, id=8832, stack(0x0000008e89b00000,0x0000008e89c00000)]
  0x000001baffa98e90 JavaThread "Common-Cleaner" daemon [_thread_blocked, id=16756, stack(0x0000008e89d00000,0x0000008e89e00000)]
  0x000001bac54495a0 JavaThread "C2 CompilerThread1" daemon [_thread_in_native, id=1932, stack(0x0000008e89e00000,0x0000008e89f00000)]
=>0x000001bac55fc050 JavaThread "C2 CompilerThread2" daemon [_thread_in_native, id=13056, stack(0x0000008e89f00000,0x0000008e8a000000)]
  0x000001bac63bf140 JavaThread "Thread-1" daemon [_thread_blocked, id=16028, stack(0x0000008e8a800000,0x0000008e8a900000)]

Other Threads:
  0x000001baff8327a0 VMThread "VM Thread" [stack: 0x0000008e89100000,0x0000008e89200000] [id=15936]
  0x000001badc6717e0 WatcherThread [stack: 0x0000008e89c00000,0x0000008e89d00000] [id=308]
  0x000001badc655ea0 GCTaskThread "GC Thread#0" [stack: 0x0000008e88c00000,0x0000008e88d00000] [id=12024]
  0x000001baffb24970 GCTaskThread "GC Thread#1" [stack: 0x0000008e8a000000,0x0000008e8a100000] [id=11044]
  0x000001bac5898080 GCTaskThread "GC Thread#2" [stack: 0x0000008e8a100000,0x0000008e8a200000] [id=6228]
  0x000001bac5a2d1c0 GCTaskThread "GC Thread#3" [stack: 0x0000008e8a200000,0x0000008e8a300000] [id=8004]
  0x000001bac574b860 GCTaskThread "GC Thread#4" [stack: 0x0000008e8a300000,0x0000008e8a400000] [id=12392]
  0x000001bac574bde0 GCTaskThread "GC Thread#5" [stack: 0x0000008e8a400000,0x0000008e8a500000] [id=1724]
  0x000001bac574ad60 GCTaskThread "GC Thread#6" [stack: 0x0000008e8a500000,0x0000008e8a600000] [id=1780]
  0x000001bac574b2e0 GCTaskThread "GC Thread#7" [stack: 0x0000008e8a600000,0x0000008e8a700000] [id=2116]
  0x000001bac574c0a0 GCTaskThread "GC Thread#8" [stack: 0x0000008e8a700000,0x0000008e8a800000] [id=10972]
  0x000001badc667250 ConcurrentGCThread "G1 Main Marker" [stack: 0x0000008e88d00000,0x0000008e88e00000] [id=12140]
  0x000001badc667b70 ConcurrentGCThread "G1 Conc#0" [stack: 0x0000008e88e00000,0x0000008e88f00000] [id=8556]
  0x000001badc6be620 ConcurrentGCThread "G1 Refine#0" [stack: 0x0000008e88f00000,0x0000008e89000000] [id=288]
  0x000001baff6eb120 ConcurrentGCThread "G1 Service" [stack: 0x0000008e89000000,0x0000008e89100000] [id=7640]

Threads with active compile tasks:
C2 CompilerThread0     1451 3764       4       org.eclipse.aether.internal.impl.collect.CachingArtifactTypeRegistry::get (43 bytes)
C1 CompilerThread0     1451 3824       3       org.apache.maven.model.io.xpp3.MavenXpp3Reader::parseDeveloper (517 bytes)
C2 CompilerThread1     1451 3763       4       org.apache.maven.repository.internal.ArtifactDescriptorReaderDelegate::convert (205 bytes)
C2 CompilerThread2     1451 3699   !   4       org.codehaus.plexus.interpolation.StringSearchInterpolator::interpolate (668 bytes)

VM state: not at safepoint (normal execution)

VM Mutex/Monitor currently owned by a thread: None

Heap address: 0x0000000700c00000, size: 4084 MB, Compressed Oops mode: Zero based, Oop shift amount: 3

CDS archive(s) mapped at: [0x000001ba80000000-0x000001ba80bd0000-0x000001ba80bd0000), size 12386304, SharedBaseAddress: 0x000001ba80000000, ArchiveRelocationMode: 1.
Compressed class space mapped at: 0x000001ba81000000-0x000001bac1000000, reserved size: 1073741824
Narrow klass base: 0x000001ba80000000, Narrow klass shift: 0, Narrow klass range: 0x100000000

GC Precious Log:
 CPUs: 12 total, 12 available
 Memory: 16333M
 Large Page Support: Disabled
 NUMA Support: Disabled
 Compressed Oops: Enabled (Zero based)
 Heap Region Size: 2M
 Heap Min Capacity: 8M
 Heap Initial Capacity: 256M
 Heap Max Capacity: 4084M
 Pre-touch: Disabled
 Parallel Workers: 10
 Concurrent Workers: 3
 Concurrent Refinement Workers: 10
 Periodic GC: Disabled

Heap:
 garbage-first heap   total 262144K, used 87182K [0x0000000700c00000, 0x0000000800000000)
  region size 2048K, 42 young (86016K), 1 survivors (2048K)
 Metaspace       used 15684K, committed 15936K, reserved 1114112K
  class space    used 1870K, committed 1984K, reserved 1048576K

Heap Regions: E=young(eden), S=young(survivor), O=old, HS=humongous(starts), HC=humongous(continues), CS=collection set, F=free, OA=open archive, CA=closed archive, TAMS=top-at-mark-start (previous, next)
|   0|0x0000000700c00000, 0x0000000700e00000, 0x0000000700e00000|100%| O|  |TAMS 0x0000000700c00000, 0x0000000700c00000| Untracked 
|   1|0x0000000700e00000, 0x0000000700f5c200, 0x0000000701000000| 67%| O|  |TAMS 0x0000000700e00000, 0x0000000700e00000| Untracked 
|   2|0x0000000701000000, 0x0000000701000000, 0x0000000701200000|  0%| F|  |TAMS 0x0000000701000000, 0x0000000701000000| Untracked 
|   3|0x0000000701200000, 0x0000000701200000, 0x0000000701400000|  0%| F|  |TAMS 0x0000000701200000, 0x0000000701200000| Untracked 
|   4|0x0000000701400000, 0x0000000701400000, 0x0000000701600000|  0%| F|  |TAMS 0x0000000701400000, 0x0000000701400000| Untracked 
|   5|0x0000000701600000, 0x0000000701600000, 0x0000000701800000|  0%| F|  |TAMS 0x0000000701600000, 0x0000000701600000| Untracked 
|   6|0x0000000701800000, 0x0000000701800000, 0x0000000701a00000|  0%| F|  |TAMS 0x0000000701800000, 0x0000000701800000| Untracked 
|   7|0x0000000701a00000, 0x0000000701a00000, 0x0000000701c00000|  0%| F|  |TAMS 0x0000000701a00000, 0x0000000701a00000| Untracked 
|   8|0x0000000701c00000, 0x0000000701c00000, 0x0000000701e00000|  0%| F|  |TAMS 0x0000000701c00000, 0x0000000701c00000| Untracked 
|   9|0x0000000701e00000, 0x0000000701e00000, 0x0000000702000000|  0%| F|  |TAMS 0x0000000701e00000, 0x0000000701e00000| Untracked 
|  10|0x0000000702000000, 0x0000000702000000, 0x0000000702200000|  0%| F|  |TAMS 0x0000000702000000, 0x0000000702000000| Untracked 
|  11|0x0000000702200000, 0x0000000702200000, 0x0000000702400000|  0%| F|  |TAMS 0x0000000702200000, 0x0000000702200000| Untracked 
|  12|0x0000000702400000, 0x0000000702400000, 0x0000000702600000|  0%| F|  |TAMS 0x0000000702400000, 0x0000000702400000| Untracked 
|  13|0x0000000702600000, 0x0000000702600000, 0x0000000702800000|  0%| F|  |TAMS 0x0000000702600000, 0x0000000702600000| Untracked 
|  14|0x0000000702800000, 0x0000000702800000, 0x0000000702a00000|  0%| F|  |TAMS 0x0000000702800000, 0x0000000702800000| Untracked 
|  15|0x0000000702a00000, 0x0000000702a00000, 0x0000000702c00000|  0%| F|  |TAMS 0x0000000702a00000, 0x0000000702a00000| Untracked 
|  16|0x0000000702c00000, 0x0000000702c00000, 0x0000000702e00000|  0%| F|  |TAMS 0x0000000702c00000, 0x0000000702c00000| Untracked 
|  17|0x0000000702e00000, 0x0000000702e00000, 0x0000000703000000|  0%| F|  |TAMS 0x0000000702e00000, 0x0000000702e00000| Untracked 
|  18|0x0000000703000000, 0x0000000703000000, 0x0000000703200000|  0%| F|  |TAMS 0x0000000703000000, 0x0000000703000000| Untracked 
|  19|0x0000000703200000, 0x0000000703200000, 0x0000000703400000|  0%| F|  |TAMS 0x0000000703200000, 0x0000000703200000| Untracked 
|  20|0x0000000703400000, 0x0000000703400000, 0x0000000703600000|  0%| F|  |TAMS 0x0000000703400000, 0x0000000703400000| Untracked 
|  21|0x0000000703600000, 0x0000000703600000, 0x0000000703800000|  0%| F|  |TAMS 0x0000000703600000, 0x0000000703600000| Untracked 
|  22|0x0000000703800000, 0x0000000703800000, 0x0000000703a00000|  0%| F|  |TAMS 0x0000000703800000, 0x0000000703800000| Untracked 
|  23|0x0000000703a00000, 0x0000000703a00000, 0x0000000703c00000|  0%| F|  |TAMS 0x0000000703a00000, 0x0000000703a00000| Untracked 
|  24|0x0000000703c00000, 0x0000000703c00000, 0x0000000703e00000|  0%| F|  |TAMS 0x0000000703c00000, 0x0000000703c00000| Untracked 
|  25|0x0000000703e00000, 0x0000000703e00000, 0x0000000704000000|  0%| F|  |TAMS 0x0000000703e00000, 0x0000000703e00000| Untracked 
|  26|0x0000000704000000, 0x0000000704000000, 0x0000000704200000|  0%| F|  |TAMS 0x0000000704000000, 0x0000000704000000| Untracked 
|  27|0x0000000704200000, 0x0000000704200000, 0x0000000704400000|  0%| F|  |TAMS 0x0000000704200000, 0x0000000704200000| Untracked 
|  28|0x0000000704400000, 0x0000000704400000, 0x0000000704600000|  0%| F|  |TAMS 0x0000000704400000, 0x0000000704400000| Untracked 
|  29|0x0000000704600000, 0x0000000704600000, 0x0000000704800000|  0%| F|  |TAMS 0x0000000704600000, 0x0000000704600000| Untracked 
|  30|0x0000000704800000, 0x0000000704800000, 0x0000000704a00000|  0%| F|  |TAMS 0x0000000704800000, 0x0000000704800000| Untracked 
|  31|0x0000000704a00000, 0x0000000704a00000, 0x0000000704c00000|  0%| F|  |TAMS 0x0000000704a00000, 0x0000000704a00000| Untracked 
|  32|0x0000000704c00000, 0x0000000704c00000, 0x0000000704e00000|  0%| F|  |TAMS 0x0000000704c00000, 0x0000000704c00000| Untracked 
|  33|0x0000000704e00000, 0x0000000704e00000, 0x0000000705000000|  0%| F|  |TAMS 0x0000000704e00000, 0x0000000704e00000| Untracked 
|  34|0x0000000705000000, 0x0000000705000000, 0x0000000705200000|  0%| F|  |TAMS 0x0000000705000000, 0x0000000705000000| Untracked 
|  35|0x0000000705200000, 0x0000000705200000, 0x0000000705400000|  0%| F|  |TAMS 0x0000000705200000, 0x0000000705200000| Untracked 
|  36|0x0000000705400000, 0x0000000705400000, 0x0000000705600000|  0%| F|  |TAMS 0x0000000705400000, 0x0000000705400000| Untracked 
|  37|0x0000000705600000, 0x0000000705600000, 0x0000000705800000|  0%| F|  |TAMS 0x0000000705600000, 0x0000000705600000| Untracked 
|  38|0x0000000705800000, 0x0000000705800000, 0x0000000705a00000|  0%| F|  |TAMS 0x0000000705800000, 0x0000000705800000| Untracked 
|  39|0x0000000705a00000, 0x0000000705a00000, 0x0000000705c00000|  0%| F|  |TAMS 0x0000000705a00000, 0x0000000705a00000| Untracked 
|  40|0x0000000705c00000, 0x0000000705c00000, 0x0000000705e00000|  0%| F|  |TAMS 0x0000000705c00000, 0x0000000705c00000| Untracked 
|  41|0x0000000705e00000, 0x0000000705e00000, 0x0000000706000000|  0%| F|  |TAMS 0x0000000705e00000, 0x0000000705e00000| Untracked 
|  42|0x0000000706000000, 0x0000000706000000, 0x0000000706200000|  0%| F|  |TAMS 0x0000000706000000, 0x0000000706000000| Untracked 
|  43|0x0000000706200000, 0x0000000706200000, 0x0000000706400000|  0%| F|  |TAMS 0x0000000706200000, 0x0000000706200000| Untracked 
|  44|0x0000000706400000, 0x0000000706400000, 0x0000000706600000|  0%| F|  |TAMS 0x0000000706400000, 0x0000000706400000| Untracked 
|  45|0x0000000706600000, 0x0000000706600000, 0x0000000706800000|  0%| F|  |TAMS 0x0000000706600000, 0x0000000706600000| Untracked 
|  46|0x0000000706800000, 0x0000000706800000, 0x0000000706a00000|  0%| F|  |TAMS 0x0000000706800000, 0x0000000706800000| Untracked 
|  47|0x0000000706a00000, 0x0000000706a00000, 0x0000000706c00000|  0%| F|  |TAMS 0x0000000706a00000, 0x0000000706a00000| Untracked 
|  48|0x0000000706c00000, 0x0000000706c00000, 0x0000000706e00000|  0%| F|  |TAMS 0x0000000706c00000, 0x0000000706c00000| Untracked 
|  49|0x0000000706e00000, 0x0000000706e00000, 0x0000000707000000|  0%| F|  |TAMS 0x0000000706e00000, 0x0000000706e00000| Untracked 
|  50|0x0000000707000000, 0x0000000707000000, 0x0000000707200000|  0%| F|  |TAMS 0x0000000707000000, 0x0000000707000000| Untracked 
|  51|0x0000000707200000, 0x0000000707200000, 0x0000000707400000|  0%| F|  |TAMS 0x0000000707200000, 0x0000000707200000| Untracked 
|  52|0x0000000707400000, 0x0000000707400000, 0x0000000707600000|  0%| F|  |TAMS 0x0000000707400000, 0x0000000707400000| Untracked 
|  53|0x0000000707600000, 0x0000000707600000, 0x0000000707800000|  0%| F|  |TAMS 0x0000000707600000, 0x0000000707600000| Untracked 
|  54|0x0000000707800000, 0x0000000707800000, 0x0000000707a00000|  0%| F|  |TAMS 0x0000000707800000, 0x0000000707800000| Untracked 
|  55|0x0000000707a00000, 0x0000000707a00000, 0x0000000707c00000|  0%| F|  |TAMS 0x0000000707a00000, 0x0000000707a00000| Untracked 
|  56|0x0000000707c00000, 0x0000000707c00000, 0x0000000707e00000|  0%| F|  |TAMS 0x0000000707c00000, 0x0000000707c00000| Untracked 
|  57|0x0000000707e00000, 0x0000000707e00000, 0x0000000708000000|  0%| F|  |TAMS 0x0000000707e00000, 0x0000000707e00000| Untracked 
|  58|0x0000000708000000, 0x0000000708000000, 0x0000000708200000|  0%| F|  |TAMS 0x0000000708000000, 0x0000000708000000| Untracked 
|  59|0x0000000708200000, 0x0000000708200000, 0x0000000708400000|  0%| F|  |TAMS 0x0000000708200000, 0x0000000708200000| Untracked 
|  60|0x0000000708400000, 0x0000000708400000, 0x0000000708600000|  0%| F|  |TAMS 0x0000000708400000, 0x0000000708400000| Untracked 
|  61|0x0000000708600000, 0x0000000708600000, 0x0000000708800000|  0%| F|  |TAMS 0x0000000708600000, 0x0000000708600000| Untracked 
|  62|0x0000000708800000, 0x0000000708800000, 0x0000000708a00000|  0%| F|  |TAMS 0x0000000708800000, 0x0000000708800000| Untracked 
|  63|0x0000000708a00000, 0x0000000708a00000, 0x0000000708c00000|  0%| F|  |TAMS 0x0000000708a00000, 0x0000000708a00000| Untracked 
|  64|0x0000000708c00000, 0x0000000708c00000, 0x0000000708e00000|  0%| F|  |TAMS 0x0000000708c00000, 0x0000000708c00000| Untracked 
|  65|0x0000000708e00000, 0x0000000708e00000, 0x0000000709000000|  0%| F|  |TAMS 0x0000000708e00000, 0x0000000708e00000| Untracked 
|  66|0x0000000709000000, 0x0000000709000000, 0x0000000709200000|  0%| F|  |TAMS 0x0000000709000000, 0x0000000709000000| Untracked 
|  67|0x0000000709200000, 0x0000000709200000, 0x0000000709400000|  0%| F|  |TAMS 0x0000000709200000, 0x0000000709200000| Untracked 
|  68|0x0000000709400000, 0x0000000709400000, 0x0000000709600000|  0%| F|  |TAMS 0x0000000709400000, 0x0000000709400000| Untracked 
|  69|0x0000000709600000, 0x0000000709600000, 0x0000000709800000|  0%| F|  |TAMS 0x0000000709600000, 0x0000000709600000| Untracked 
|  70|0x0000000709800000, 0x0000000709800000, 0x0000000709a00000|  0%| F|  |TAMS 0x0000000709800000, 0x0000000709800000| Untracked 
|  71|0x0000000709a00000, 0x0000000709a00000, 0x0000000709c00000|  0%| F|  |TAMS 0x0000000709a00000, 0x0000000709a00000| Untracked 
|  72|0x0000000709c00000, 0x0000000709c00000, 0x0000000709e00000|  0%| F|  |TAMS 0x0000000709c00000, 0x0000000709c00000| Untracked 
|  73|0x0000000709e00000, 0x0000000709e00000, 0x000000070a000000|  0%| F|  |TAMS 0x0000000709e00000, 0x0000000709e00000| Untracked 
|  74|0x000000070a000000, 0x000000070a000000, 0x000000070a200000|  0%| F|  |TAMS 0x000000070a000000, 0x000000070a000000| Untracked 
|  75|0x000000070a200000, 0x000000070a200000, 0x000000070a400000|  0%| F|  |TAMS 0x000000070a200000, 0x000000070a200000| Untracked 
|  76|0x000000070a400000, 0x000000070a400000, 0x000000070a600000|  0%| F|  |TAMS 0x000000070a400000, 0x000000070a400000| Untracked 
|  77|0x000000070a600000, 0x000000070a600000, 0x000000070a800000|  0%| F|  |TAMS 0x000000070a600000, 0x000000070a600000| Untracked 
|  78|0x000000070a800000, 0x000000070a800000, 0x000000070aa00000|  0%| F|  |TAMS 0x000000070a800000, 0x000000070a800000| Untracked 
|  79|0x000000070aa00000, 0x000000070aa00000, 0x000000070ac00000|  0%| F|  |TAMS 0x000000070aa00000, 0x000000070aa00000| Untracked 
|  80|0x000000070ac00000, 0x000000070ac00000, 0x000000070ae00000|  0%| F|  |TAMS 0x000000070ac00000, 0x000000070ac00000| Untracked 
|  81|0x000000070ae00000, 0x000000070ae00000, 0x000000070b000000|  0%| F|  |TAMS 0x000000070ae00000, 0x000000070ae00000| Untracked 
|  82|0x000000070b000000, 0x000000070b000000, 0x000000070b200000|  0%| F|  |TAMS 0x000000070b000000, 0x000000070b000000| Untracked 
|  83|0x000000070b200000, 0x000000070b200000, 0x000000070b400000|  0%| F|  |TAMS 0x000000070b200000, 0x000000070b200000| Untracked 
|  84|0x000000070b400000, 0x000000070b400000, 0x000000070b600000|  0%| F|  |TAMS 0x000000070b400000, 0x000000070b400000| Untracked 
|  85|0x000000070b600000, 0x000000070b600000, 0x000000070b800000|  0%| F|  |TAMS 0x000000070b600000, 0x000000070b600000| Untracked 
|  86|0x000000070b800000, 0x000000070ba00000, 0x000000070ba00000|100%| E|  |TAMS 0x000000070b800000, 0x000000070b800000| Complete 
|  87|0x000000070ba00000, 0x000000070bc00000, 0x000000070bc00000|100%| E|CS|TAMS 0x000000070ba00000, 0x000000070ba00000| Complete 
|  88|0x000000070bc00000, 0x000000070be00000, 0x000000070be00000|100%| E|CS|TAMS 0x000000070bc00000, 0x000000070bc00000| Complete 
|  89|0x000000070be00000, 0x000000070c000000, 0x000000070c000000|100%| E|CS|TAMS 0x000000070be00000, 0x000000070be00000| Complete 
|  90|0x000000070c000000, 0x000000070c200000, 0x000000070c200000|100%| E|CS|TAMS 0x000000070c000000, 0x000000070c000000| Complete 
|  91|0x000000070c200000, 0x000000070c400000, 0x000000070c400000|100%| E|CS|TAMS 0x000000070c200000, 0x000000070c200000| Complete 
|  92|0x000000070c400000, 0x000000070c600000, 0x000000070c600000|100%| E|CS|TAMS 0x000000070c400000, 0x000000070c400000| Complete 
|  93|0x000000070c600000, 0x000000070c800000, 0x000000070c800000|100%| E|CS|TAMS 0x000000070c600000, 0x000000070c600000| Complete 
|  94|0x000000070c800000, 0x000000070ca00000, 0x000000070ca00000|100%| E|CS|TAMS 0x000000070c800000, 0x000000070c800000| Complete 
|  95|0x000000070ca00000, 0x000000070cc00000, 0x000000070cc00000|100%| E|CS|TAMS 0x000000070ca00000, 0x000000070ca00000| Complete 
|  96|0x000000070cc00000, 0x000000070ce00000, 0x000000070ce00000|100%| E|CS|TAMS 0x000000070cc00000, 0x000000070cc00000| Complete 
|  97|0x000000070ce00000, 0x000000070d000000, 0x000000070d000000|100%| E|CS|TAMS 0x000000070ce00000, 0x000000070ce00000| Complete 
|  98|0x000000070d000000, 0x000000070d200000, 0x000000070d200000|100%| E|CS|TAMS 0x000000070d000000, 0x000000070d000000| Complete 
|  99|0x000000070d200000, 0x000000070d400000, 0x000000070d400000|100%| E|CS|TAMS 0x000000070d200000, 0x000000070d200000| Complete 
| 100|0x000000070d400000, 0x000000070d600000, 0x000000070d600000|100%| E|CS|TAMS 0x000000070d400000, 0x000000070d400000| Complete 
| 101|0x000000070d600000, 0x000000070d800000, 0x000000070d800000|100%| E|CS|TAMS 0x000000070d600000, 0x000000070d600000| Complete 
| 102|0x000000070d800000, 0x000000070da00000, 0x000000070da00000|100%| E|CS|TAMS 0x000000070d800000, 0x000000070d800000| Complete 
| 103|0x000000070da00000, 0x000000070dc00000, 0x000000070dc00000|100%| E|CS|TAMS 0x000000070da00000, 0x000000070da00000| Complete 
| 104|0x000000070dc00000, 0x000000070de00000, 0x000000070de00000|100%| E|CS|TAMS 0x000000070dc00000, 0x000000070dc00000| Complete 
| 105|0x000000070de00000, 0x000000070e000000, 0x000000070e000000|100%| E|CS|TAMS 0x000000070de00000, 0x000000070de00000| Complete 
| 106|0x000000070e000000, 0x000000070e200000, 0x000000070e200000|100%| E|CS|TAMS 0x000000070e000000, 0x000000070e000000| Complete 
| 107|0x000000070e200000, 0x000000070e400000, 0x000000070e400000|100%| E|CS|TAMS 0x000000070e200000, 0x000000070e200000| Complete 
| 108|0x000000070e400000, 0x000000070e600000, 0x000000070e600000|100%| E|CS|TAMS 0x000000070e400000, 0x000000070e400000| Complete 
| 109|0x000000070e600000, 0x000000070e800000, 0x000000070e800000|100%| E|CS|TAMS 0x000000070e600000, 0x000000070e600000| Complete 
| 110|0x000000070e800000, 0x000000070e9c7958, 0x000000070ea00000| 88%| S|CS|TAMS 0x000000070e800000, 0x000000070e800000| Complete 
| 111|0x000000070ea00000, 0x000000070ec00000, 0x000000070ec00000|100%| E|CS|TAMS 0x000000070ea00000, 0x000000070ea00000| Complete 
| 112|0x000000070ec00000, 0x000000070ee00000, 0x000000070ee00000|100%| E|CS|TAMS 0x000000070ec00000, 0x000000070ec00000| Complete 
| 113|0x000000070ee00000, 0x000000070f000000, 0x000000070f000000|100%| E|CS|TAMS 0x000000070ee00000, 0x000000070ee00000| Complete 
| 114|0x000000070f000000, 0x000000070f200000, 0x000000070f200000|100%| E|CS|TAMS 0x000000070f000000, 0x000000070f000000| Complete 
| 115|0x000000070f200000, 0x000000070f400000, 0x000000070f400000|100%| E|CS|TAMS 0x000000070f200000, 0x000000070f200000| Complete 
| 116|0x000000070f400000, 0x000000070f600000, 0x000000070f600000|100%| E|CS|TAMS 0x000000070f400000, 0x000000070f400000| Complete 
| 117|0x000000070f600000, 0x000000070f800000, 0x000000070f800000|100%| E|CS|TAMS 0x000000070f600000, 0x000000070f600000| Complete 
| 118|0x000000070f800000, 0x000000070fa00000, 0x000000070fa00000|100%| E|CS|TAMS 0x000000070f800000, 0x000000070f800000| Complete 
| 119|0x000000070fa00000, 0x000000070fc00000, 0x000000070fc00000|100%| E|CS|TAMS 0x000000070fa00000, 0x000000070fa00000| Complete 
| 120|0x000000070fc00000, 0x000000070fe00000, 0x000000070fe00000|100%| E|CS|TAMS 0x000000070fc00000, 0x000000070fc00000| Complete 
| 121|0x000000070fe00000, 0x0000000710000000, 0x0000000710000000|100%| E|CS|TAMS 0x000000070fe00000, 0x000000070fe00000| Complete 
| 122|0x0000000710000000, 0x0000000710200000, 0x0000000710200000|100%| E|CS|TAMS 0x0000000710000000, 0x0000000710000000| Complete 
| 123|0x0000000710200000, 0x0000000710400000, 0x0000000710400000|100%| E|CS|TAMS 0x0000000710200000, 0x0000000710200000| Complete 
| 124|0x0000000710400000, 0x0000000710600000, 0x0000000710600000|100%| E|CS|TAMS 0x0000000710400000, 0x0000000710400000| Complete 
| 125|0x0000000710600000, 0x0000000710800000, 0x0000000710800000|100%| E|CS|TAMS 0x0000000710600000, 0x0000000710600000| Complete 
| 126|0x0000000710800000, 0x0000000710a00000, 0x0000000710a00000|100%| E|CS|TAMS 0x0000000710800000, 0x0000000710800000| Complete 
| 127|0x0000000710a00000, 0x0000000710c00000, 0x0000000710c00000|100%| E|CS|TAMS 0x0000000710a00000, 0x0000000710a00000| Complete 

Card table byte_map: [0x000001baf3c20000,0x000001baf4420000] _byte_map_base: 0x000001baf041a000

Marking Bits (Prev, Next): (CMBitMap*) 0x000001badc6563d0, (CMBitMap*) 0x000001badc656410
 Prev Bits: [0x000001baf4c20000, 0x000001baf8bf0000)
 Next Bits: [0x000001baf8bf0000, 0x000001bafcbc0000)

Polling page: 0x000001badbdc0000

Metaspace:

Usage:
  Non-class:     13.49 MB used.
      Class:      1.83 MB used.
       Both:     15.32 MB used.

Virtual space:
  Non-class space:       64.00 MB reserved,      13.62 MB ( 21%) committed,  1 nodes.
      Class space:        1.00 GB reserved,       1.94 MB ( <1%) committed,  1 nodes.
             Both:        1.06 GB reserved,      15.56 MB (  1%) committed. 

Chunk freelists:
   Non-Class:  1.86 MB
       Class:  13.92 MB
        Both:  15.78 MB

MaxMetaspaceSize: unlimited
CompressedClassSpaceSize: 1.00 GB
Initial GC threshold: 21.00 MB
Current GC threshold: 21.00 MB
CDS: on
MetaspaceReclaimPolicy: balanced
 - commit_granule_bytes: 65536.
 - commit_granule_words: 8192.
 - virtual_space_node_default_size: 8388608.
 - enlarge_chunks_in_place: 1.
 - new_chunks_are_fully_committed: 0.
 - uncommit_free_chunks: 1.
 - use_allocation_guard: 0.
 - handle_deallocations: 1.


Internal statistics:

num_allocs_failed_limit: 0.
num_arena_births: 104.
num_arena_deaths: 0.
num_vsnodes_births: 2.
num_vsnodes_deaths: 0.
num_space_committed: 249.
num_space_uncommitted: 0.
num_chunks_returned_to_freelist: 0.
num_chunks_taken_from_freelist: 655.
num_chunk_merges: 0.
num_chunk_splits: 438.
num_chunks_enlarged: 352.
num_inconsistent_stats: 0.

CodeHeap 'non-profiled nmethods': size=120000Kb used=1820Kb max_used=1820Kb free=118179Kb
 bounds [0x000001baeb9a0000, 0x000001baebc10000, 0x000001baf2ed0000]
CodeHeap 'profiled nmethods': size=120000Kb used=7730Kb max_used=7730Kb free=112269Kb
 bounds [0x000001bae3ed0000, 0x000001bae4660000, 0x000001baeb400000]
CodeHeap 'non-nmethods': size=5760Kb used=1179Kb max_used=1223Kb free=4580Kb
 bounds [0x000001baeb400000, 0x000001baeb670000, 0x000001baeb9a0000]
 total_blobs=4290 nmethods=3819 adapters=382
 compilation: enabled
              stopped_count=0, restarted_count=0
 full_count=0

Compilation events (20 events):
Event: 1.429 Thread 0x000001baff859760 3781       3       org.codehaus.plexus.util.xml.Xpp3Dom::getChildrenAsList (88 bytes)
Event: 1.429 Thread 0x000001baff859760 nmethod 3781 0x000001bae463f210 code [0x000001bae463f4a0, 0x000001bae46402e8]
Event: 1.429 Thread 0x000001baff859760 3782       3       org.apache.maven.model.interpolation.StringVisitorModelInterpolator$ModelVisitor::visit (87 bytes)
Event: 1.430 Thread 0x000001baff859760 nmethod 3782 0x000001bae4640790 code [0x000001bae4640a00, 0x000001bae4641768]
Event: 1.430 Thread 0x000001baff859760 3785       1       org.eclipse.aether.graph.Exclusion::getArtifactId (5 bytes)
Event: 1.430 Thread 0x000001baff859760 nmethod 3785 0x000001baebb64490 code [0x000001baebb64620, 0x000001baebb646f8]
Event: 1.430 Thread 0x000001baff859760 3783       3       org.apache.maven.model.validation.DefaultModelValidator::validateDependencyVersion (25 bytes)
Event: 1.430 Thread 0x000001baff859760 nmethod 3783 0x000001bae4641b90 code [0x000001bae4641d40, 0x000001bae4641f38]
Event: 1.430 Thread 0x000001baff859760 3786       1       org.eclipse.aether.internal.impl.collect.DataPool$ConstraintKey::hashCode (5 bytes)
Event: 1.430 Thread 0x000001baff859760 nmethod 3786 0x000001baebb64790 code [0x000001baebb64920, 0x000001baebb649f8]
Event: 1.430 Thread 0x000001baff859760 3784       1       org.eclipse.aether.resolution.ArtifactDescriptorResult::getRelocations (5 bytes)
Event: 1.430 Thread 0x000001baff859760 nmethod 3784 0x000001baebb64a90 code [0x000001baebb64c20, 0x000001baebb64cf8]
Event: 1.431 Thread 0x000001baff859760 3787       1       org.apache.maven.model.Model::setPackaging (6 bytes)
Event: 1.431 Thread 0x000001baff859760 nmethod 3787 0x000001baebb64d90 code [0x000001baebb64f20, 0x000001baebb65038]
Event: 1.431 Thread 0x000001baff859760 3788       3       jdk.internal.reflect.Reflection::verifyMemberAccess (200 bytes)
Event: 1.433 Thread 0x000001baff859760 nmethod 3788 0x000001bae4642090 code [0x000001bae4642600, 0x000001bae4644f38]
Event: 1.433 Thread 0x000001baff859760 3790       3       org.apache.maven.model.BuildBase::<init> (5 bytes)
Event: 1.434 Thread 0x000001baff859760 nmethod 3790 0x000001bae4645b10 code [0x000001bae4645cc0, 0x000001bae4645ef8]
Event: 1.434 Thread 0x000001baff859760 3789       1       org.eclipse.aether.internal.impl.collect.DataPool$DescriptorKey::hashCode (5 bytes)
Event: 1.434 Thread 0x000001baff859760 nmethod 3789 0x000001baebb65090 code [0x000001baebb65220, 0x000001baebb652f8]

GC Heap History (4 events):
Event: 0.339 GC heap before
{Heap before GC invocations=0 (full 0):
 garbage-first heap   total 262144K, used 22528K [0x0000000700c00000, 0x0000000800000000)
  region size 2048K, 11 young (22528K), 0 survivors (0K)
 Metaspace       used 5434K, committed 5632K, reserved 1114112K
  class space    used 656K, committed 768K, reserved 1048576K
}
Event: 0.343 GC heap after
{Heap after GC invocations=1 (full 0):
 garbage-first heap   total 262144K, used 3699K [0x0000000700c00000, 0x0000000800000000)
  region size 2048K, 2 young (4096K), 2 survivors (4096K)
 Metaspace       used 5434K, committed 5632K, reserved 1114112K
  class space    used 656K, committed 768K, reserved 1048576K
}
Event: 0.623 GC heap before
{Heap before GC invocations=1 (full 0):
 garbage-first heap   total 262144K, used 34419K [0x0000000700c00000, 0x0000000800000000)
  region size 2048K, 17 young (34816K), 2 survivors (4096K)
 Metaspace       used 9478K, committed 9664K, reserved 1114112K
  class space    used 1153K, committed 1216K, reserved 1048576K
}
Event: 0.627 GC heap after
{Heap after GC invocations=2 (full 0):
 garbage-first heap   total 262144K, used 5262K [0x0000000700c00000, 0x0000000800000000)
  region size 2048K, 1 young (2048K), 1 survivors (2048K)
 Metaspace       used 9478K, committed 9664K, reserved 1114112K
  class space    used 1153K, committed 1216K, reserved 1048576K
}

Deoptimization events (20 events):
Event: 1.308 Thread 0x000001badc5e7630 Uncommon trap: trap_request=0xffffffde fr.pc=0x000001baeb9dd46c relative=0x0000000000000fcc
Event: 1.308 Thread 0x000001badc5e7630 Uncommon trap: reason=class_check action=maybe_recompile pc=0x000001baeb9dd46c method=java.util.concurrent.ConcurrentHashMap.putVal(Ljava/lang/Object;Ljava/lang/Object;Z)Ljava/lang/Object; @ 242 c2
Event: 1.308 Thread 0x000001badc5e7630 DEOPT PACKING pc=0x000001baeb9dd46c sp=0x0000008e88bfc260
Event: 1.308 Thread 0x000001badc5e7630 DEOPT UNPACKING pc=0x000001baeb4523a3 sp=0x0000008e88bfc1d0 mode 2
Event: 1.321 Thread 0x000001badc5e7630 Uncommon trap: trap_request=0xffffff45 fr.pc=0x000001baebb18bdc relative=0x0000000000001d3c
Event: 1.321 Thread 0x000001badc5e7630 Uncommon trap: reason=unstable_if action=reinterpret pc=0x000001baebb18bdc method=org.codehaus.plexus.util.xml.pull.MXParser.parseAttribute()C @ 779 c2
Event: 1.321 Thread 0x000001badc5e7630 DEOPT PACKING pc=0x000001baebb18bdc sp=0x0000008e88bfbe60
Event: 1.322 Thread 0x000001badc5e7630 DEOPT UNPACKING pc=0x000001baeb4523a3 sp=0x0000008e88bfbdd8 mode 2
Event: 1.333 Thread 0x000001badc5e7630 Uncommon trap: trap_request=0xffffff45 fr.pc=0x000001baebab4a64 relative=0x0000000000002504
Event: 1.333 Thread 0x000001badc5e7630 Uncommon trap: reason=unstable_if action=reinterpret pc=0x000001baebab4a64 method=org.codehaus.plexus.util.xml.pull.MXParser.isS(C)Z @ 21 c2
Event: 1.333 Thread 0x000001badc5e7630 DEOPT PACKING pc=0x000001baebab4a64 sp=0x0000008e88bfc4b0
Event: 1.333 Thread 0x000001badc5e7630 DEOPT UNPACKING pc=0x000001baeb4523a3 sp=0x0000008e88bfc3f0 mode 2
Event: 1.417 Thread 0x000001badc5e7630 Uncommon trap: trap_request=0xffffffde fr.pc=0x000001baebb6181c relative=0x00000000000009fc
Event: 1.417 Thread 0x000001badc5e7630 Uncommon trap: reason=class_check action=maybe_recompile pc=0x000001baebb6181c method=org.eclipse.aether.graph.Dependency$Exclusions.copy(Ljava/util/Collection;)Ljava/util/Set; @ 5 c2
Event: 1.417 Thread 0x000001badc5e7630 DEOPT PACKING pc=0x000001baebb6181c sp=0x0000008e88bfc9a0
Event: 1.417 Thread 0x000001badc5e7630 DEOPT UNPACKING pc=0x000001baeb4523a3 sp=0x0000008e88bfc948 mode 2
Event: 1.424 Thread 0x000001badc5e7630 Uncommon trap: trap_request=0xffffff76 fr.pc=0x000001baeba0942c relative=0x000000000000028c
Event: 1.424 Thread 0x000001badc5e7630 Uncommon trap: reason=predicate action=maybe_recompile pc=0x000001baeba0942c method=java.nio.charset.CharsetDecoder.decode(Ljava/nio/ByteBuffer;Ljava/nio/CharBuffer;Z)Ljava/nio/charset/CoderResult; @ 54 c2
Event: 1.424 Thread 0x000001badc5e7630 DEOPT PACKING pc=0x000001baeba0942c sp=0x0000008e88bfb480
Event: 1.424 Thread 0x000001badc5e7630 DEOPT UNPACKING pc=0x000001baeb4523a3 sp=0x0000008e88bfb420 mode 2

Classes unloaded (0 events):
No events

Classes redefined (0 events):
No events

Internal exceptions (20 events):
Event: 0.263 Thread 0x000001badc5e7630 Exception <a 'java/lang/NoSuchMethodError'{0x000000070fd78038}: 'int java.lang.invoke.DirectMethodHandle$Holder.invokeSpecialIFC(java.lang.Object, java.lang.Object, java.lang.Object, java.lang.Object, java.lang.Object)'> (0x000000070fd78038) 
thrown [s\open\src\hotspot\share\interpreter\linkResolver.cpp, line 759]
Event: 0.288 Thread 0x000001badc5e7630 Exception <a 'java/lang/NoSuchMethodError'{0x000000070fb1ca30}: 'java.lang.Object java.lang.invoke.DirectMethodHandle$Holder.newInvokeSpecial(java.lang.Object, java.lang.Object, java.lang.Object, java.lang.Object, java.lang.Object)'> (0x000000070fb1ca30) 
thrown [s\open\src\hotspot\share\interpreter\linkResolver.cpp, line 759]
Event: 0.303 Thread 0x000001badc5e7630 Exception <a 'java/lang/NoSuchMethodError'{0x000000070f823b38}: 'int java.lang.invoke.DirectMethodHandle$Holder.invokeStaticInit(java.lang.Object, java.lang.Object)'> (0x000000070f823b38) 
thrown [s\open\src\hotspot\share\interpreter\linkResolver.cpp, line 759]
Event: 0.308 Thread 0x000001badc5e7630 Exception <a 'java/lang/NoClassDefFoundError'{0x000000070f85bf18}: javax/enterprise/inject/Typed> (0x000000070f85bf18) 
thrown [s\open\src\hotspot\share\classfile\systemDictionary.cpp, line 245]
Event: 0.686 Thread 0x000001badc5e7630 Exception <a 'java/lang/NoSuchMethodError'{0x000000071068ed00}: 'void java.lang.invoke.DirectMethodHandle$Holder.invokeStaticInit(java.lang.Object, java.lang.Object, java.lang.Object)'> (0x000000071068ed00) 
thrown [s\open\src\hotspot\share\interpreter\linkResolver.cpp, line 759]
Event: 0.689 Thread 0x000001badc5e7630 Exception <a 'java/lang/ExceptionInInitializerError'{0x00000007106ba2c8}> (0x00000007106ba2c8) 
thrown [s\open\src\hotspot\share\oops\instanceKlass.cpp, line 1216]
Event: 0.704 Thread 0x000001badc5e7630 Implicit null exception at 0x000001baeba210af to 0x000001baeba21210
Event: 0.705 Thread 0x000001badc5e7630 Exception <a 'java/lang/NoSuchMethodError'{0x00000007107cbe70}: 'java.lang.Object java.lang.invoke.Invokers$Holder.invokeExact_MT(java.lang.Object, int, java.lang.Object)'> (0x00000007107cbe70) 
thrown [s\open\src\hotspot\share\interpreter\linkResolver.cpp, line 759]
Event: 0.711 Thread 0x000001badc5e7630 Exception <a 'java/lang/NoSuchMethodError'{0x0000000710444ef8}: 'int java.lang.invoke.DirectMethodHandle$Holder.invokeSpecial(java.lang.Object, java.lang.Object, java.lang.Object, java.lang.Object)'> (0x0000000710444ef8) 
thrown [s\open\src\hotspot\share\interpreter\linkResolver.cpp, line 759]
Event: 0.834 Thread 0x000001badc5e7630 Exception <a 'java/lang/NoClassDefFoundError'{0x000000070fc65a60}: com/google/inject/servlet/ServletModuleTargetVisitor> (0x000000070fc65a60) 
thrown [s\open\src\hotspot\share\classfile\systemDictionary.cpp, line 245]
Event: 0.859 Thread 0x000001badc5e7630 Exception <a 'java/lang/NoSuchMethodError'{0x000000070fdf8750}: 'void java.lang.invoke.DirectMethodHandle$Holder.invokeVirtual(java.lang.Object, java.lang.Object)'> (0x000000070fdf8750) 
thrown [s\open\src\hotspot\share\interpreter\linkResolver.cpp, line 759]
Event: 0.873 Thread 0x000001badc5e7630 Exception <a 'java/lang/NoSuchMethodError'{0x000000070fa71798}: 'java.lang.Object java.lang.invoke.DirectMethodHandle$Holder.invokeStaticInit(java.lang.Object, int, int, int, int)'> (0x000000070fa71798) 
thrown [s\open\src\hotspot\share\interpreter\linkResolver.cpp, line 759]
Event: 0.931 Thread 0x000001badc5e7630 Implicit null exception at 0x000001baeb9c8b72 to 0x000001baeb9c914c
Event: 0.931 Thread 0x000001badc5e7630 Implicit null exception at 0x000001baeb9cbff2 to 0x000001baeb9cc5e0
Event: 0.958 Thread 0x000001badc5e7630 Exception <a 'java/lang/NoSuchMethodError'{0x000000070f567388}: 'void java.lang.invoke.DirectMethodHandle$Holder.invokeSpecial(java.lang.Object, java.lang.Object, java.lang.Object, java.lang.Object, java.lang.Object)'> (0x000000070f567388) 
thrown [s\open\src\hotspot\share\interpreter\linkResolver.cpp, line 759]
Event: 0.960 Thread 0x000001badc5e7630 Exception <a 'java/lang/NoSuchMethodError'{0x000000070f589098}: 'java.lang.Object java.lang.invoke.DirectMethodHandle$Holder.invokeVirtual(java.lang.Object, java.lang.Object, java.lang.Object)'> (0x000000070f589098) 
thrown [s\open\src\hotspot\share\interpreter\linkResolver.cpp, line 759]
Event: 0.961 Thread 0x000001badc5e7630 Exception <a 'java/lang/NoSuchMethodError'{0x000000070f598308}: 'void java.lang.invoke.DirectMethodHandle$Holder.invokeSpecial(java.lang.Object, java.lang.Object, java.lang.Object, java.lang.Object, java.lang.Object, java.lang.Object)'> (0x000000070f598308) 
thrown [s\open\src\hotspot\share\interpreter\linkResolver.cpp, line 759]
Event: 1.207 Thread 0x000001badc5e7630 Implicit null exception at 0x000001baebaab0af to 0x000001baebaab19c
Event: 1.207 Thread 0x000001badc5e7630 Implicit null exception at 0x000001baeba5436f to 0x000001baeba54560
Event: 1.207 Thread 0x000001badc5e7630 Implicit null exception at 0x000001baeba2c858 to 0x000001baeba2c8ee

VM Operations (20 events):
Event: 0.810 Executing VM operation: ICBufferFull
Event: 0.810 Executing VM operation: ICBufferFull done
Event: 0.822 Executing VM operation: HandshakeAllThreads
Event: 0.822 Executing VM operation: HandshakeAllThreads done
Event: 0.865 Executing VM operation: HandshakeAllThreads
Event: 0.865 Executing VM operation: HandshakeAllThreads done
Event: 0.879 Executing VM operation: HandshakeAllThreads
Event: 0.879 Executing VM operation: HandshakeAllThreads done
Event: 0.917 Executing VM operation: HandshakeAllThreads
Event: 0.917 Executing VM operation: HandshakeAllThreads done
Event: 0.918 Executing VM operation: HandshakeAllThreads
Event: 0.918 Executing VM operation: HandshakeAllThreads done
Event: 0.995 Executing VM operation: ICBufferFull
Event: 0.995 Executing VM operation: ICBufferFull done
Event: 1.197 Executing VM operation: ICBufferFull
Event: 1.197 Executing VM operation: ICBufferFull done
Event: 1.197 Executing VM operation: HandshakeAllThreads
Event: 1.197 Executing VM operation: HandshakeAllThreads done
Event: 1.314 Executing VM operation: ICBufferFull
Event: 1.314 Executing VM operation: ICBufferFull done

Events (20 events):
Event: 0.948 loading class java/util/AbstractMap$2
Event: 0.948 loading class java/util/AbstractMap$2 done
Event: 0.948 loading class java/util/AbstractMap$2$1
Event: 0.948 loading class java/util/AbstractMap$2$1 done
Event: 0.959 loading class java/lang/invoke/MethodHandle$1
Event: 0.959 loading class java/lang/invoke/MethodHandle$1 done
Event: 0.996 loading class java/util/stream/Streams$RangeIntSpliterator
Event: 0.996 loading class java/util/stream/Streams$RangeIntSpliterator done
Event: 1.168 loading class java/util/stream/MatchOps$MatchKind
Event: 1.168 loading class java/util/stream/MatchOps$MatchKind done
Event: 1.168 loading class java/util/stream/MatchOps
Event: 1.169 loading class java/util/stream/MatchOps done
Event: 1.169 loading class java/util/stream/MatchOps$MatchOp
Event: 1.169 loading class java/util/stream/MatchOps$MatchOp done
Event: 1.169 loading class java/util/stream/MatchOps$BooleanTerminalSink
Event: 1.169 loading class java/util/stream/MatchOps$BooleanTerminalSink done
Event: 1.169 loading class java/util/stream/MatchOps$1MatchSink
Event: 1.169 loading class java/util/stream/MatchOps$1MatchSink done
Event: 1.424 loading class sun/nio/cs/ISO_8859_1$Decoder
Event: 1.424 loading class sun/nio/cs/ISO_8859_1$Decoder done


Dynamic libraries:
0x00007ff6be570000 - 0x00007ff6be580000 	C:\Program Files\Java\jdk-17\bin\java.exe
0x00007ff8453f0000 - 0x00007ff8455e8000 	C:\WINDOWS\SYSTEM32\ntdll.dll
0x00007ff844640000 - 0x00007ff844702000 	C:\WINDOWS\System32\KERNEL32.DLL
0x00007ff842c30000 - 0x00007ff842f26000 	C:\WINDOWS\System32\KERNELBASE.dll
0x00007ff843310000 - 0x00007ff843410000 	C:\WINDOWS\System32\ucrtbase.dll
0x00007ff830450000 - 0x00007ff83046b000 	C:\Program Files\Java\jdk-17\bin\VCRUNTIME140.dll
0x00007ff83f940000 - 0x00007ff83f959000 	C:\Program Files\Java\jdk-17\bin\jli.dll
0x00007ff844840000 - 0x00007ff8448f1000 	C:\WINDOWS\System32\ADVAPI32.dll
0x00007ff8445a0000 - 0x00007ff84463e000 	C:\WINDOWS\System32\msvcrt.dll
0x00007ff843dd0000 - 0x00007ff843e6f000 	C:\WINDOWS\System32\sechost.dll
0x00007ff843fa0000 - 0x00007ff8440c3000 	C:\WINDOWS\System32\RPCRT4.dll
0x00007ff8430c0000 - 0x00007ff8430e7000 	C:\WINDOWS\System32\bcrypt.dll
0x00007ff8449d0000 - 0x00007ff844b6d000 	C:\WINDOWS\System32\USER32.dll
0x00007ff843090000 - 0x00007ff8430b2000 	C:\WINDOWS\System32\win32u.dll
0x00007ff836110000 - 0x00007ff8363aa000 	C:\WINDOWS\WinSxS\amd64_microsoft.windows.common-controls_6595b64144ccf1df_6.0.19041.5915_none_60b4b9d171f9c7c7\COMCTL32.dll
0x00007ff844db0000 - 0x00007ff844ddb000 	C:\WINDOWS\System32\GDI32.dll
0x00007ff8431f0000 - 0x00007ff843309000 	C:\WINDOWS\System32\gdi32full.dll
0x00007ff842b90000 - 0x00007ff842c2d000 	C:\WINDOWS\System32\msvcp_win.dll
0x00007ff841790000 - 0x00007ff84179a000 	C:\WINDOWS\SYSTEM32\VERSION.dll
0x00007ff8444a0000 - 0x00007ff8444cf000 	C:\WINDOWS\System32\IMM32.DLL
0x00007ff830440000 - 0x00007ff83044c000 	C:\Program Files\Java\jdk-17\bin\vcruntime140_1.dll
0x00007ff827db0000 - 0x00007ff827e3e000 	C:\Program Files\Java\jdk-17\bin\msvcp140.dll
0x00007fffe4760000 - 0x00007fffe5341000 	C:\Program Files\Java\jdk-17\bin\server\jvm.dll
0x00007ff843be0000 - 0x00007ff843be8000 	C:\WINDOWS\System32\PSAPI.DLL
0x00007ff831680000 - 0x00007ff831689000 	C:\WINDOWS\SYSTEM32\WSOCK32.dll
0x00007ff838800000 - 0x00007ff838827000 	C:\WINDOWS\SYSTEM32\WINMM.dll
0x00007ff844430000 - 0x00007ff84449b000 	C:\WINDOWS\System32\WS2_32.dll
0x00007ff841750000 - 0x00007ff841762000 	C:\WINDOWS\SYSTEM32\kernel.appcore.dll
0x00007ff830430000 - 0x00007ff83043a000 	C:\Program Files\Java\jdk-17\bin\jimage.dll
0x00007ff8304c0000 - 0x00007ff8306c1000 	C:\WINDOWS\SYSTEM32\DBGHELP.DLL
0x00007ff82dc00000 - 0x00007ff82dc34000 	C:\WINDOWS\SYSTEM32\dbgcore.DLL
0x00007ff842a80000 - 0x00007ff842b02000 	C:\WINDOWS\System32\bcryptPrimitives.dll
0x00007ff82a440000 - 0x00007ff82a465000 	C:\Program Files\Java\jdk-17\bin\java.dll
0x00007ff815a70000 - 0x00007ff815b47000 	C:\Program Files\Java\jdk-17\bin\jsvml.dll
0x00007ff843470000 - 0x00007ff843bde000 	C:\WINDOWS\System32\SHELL32.dll
0x00007ff840fa0000 - 0x00007ff841744000 	C:\WINDOWS\SYSTEM32\windows.storage.dll
0x00007ff8440d0000 - 0x00007ff844423000 	C:\WINDOWS\System32\combase.dll
0x00007ff842360000 - 0x00007ff84238b000 	C:\WINDOWS\SYSTEM32\Wldp.dll
0x00007ff844900000 - 0x00007ff8449cd000 	C:\WINDOWS\System32\OLEAUT32.dll
0x00007ff844710000 - 0x00007ff8447bd000 	C:\WINDOWS\System32\SHCORE.dll
0x00007ff845350000 - 0x00007ff8453ab000 	C:\WINDOWS\System32\shlwapi.dll
0x00007ff8429b0000 - 0x00007ff8429d4000 	C:\WINDOWS\SYSTEM32\profapi.dll
0x00007ff82a2f0000 - 0x00007ff82a309000 	C:\Program Files\Java\jdk-17\bin\net.dll
0x00007ff83c9b0000 - 0x00007ff83caba000 	C:\WINDOWS\SYSTEM32\WINHTTP.dll
0x00007ff8420e0000 - 0x00007ff84214a000 	C:\WINDOWS\system32\mswsock.dll
0x00007ff827d90000 - 0x00007ff827da6000 	C:\Program Files\Java\jdk-17\bin\nio.dll
0x00007ff827d70000 - 0x00007ff827d88000 	C:\Program Files\Java\jdk-17\bin\zip.dll
0x00007ff822990000 - 0x00007ff8229b4000 	E:\tool\apache-maven-3.9.9-bin\apache-maven-3.9.9\lib\jansi-native\Windows\x86_64\jansi.dll
0x00007ff827ca0000 - 0x00007ff827cb0000 	C:\Program Files\Java\jdk-17\bin\verify.dll

dbghelp: loaded successfully - version: 4.0.5 - missing functions: none
symbol engine: initialized successfully - sym options: 0x614 - pdb path: .;C:\Program Files\Java\jdk-17\bin;C:\WINDOWS\SYSTEM32;C:\WINDOWS\WinSxS\amd64_microsoft.windows.common-controls_6595b64144ccf1df_6.0.19041.5915_none_60b4b9d171f9c7c7;C:\Program Files\Java\jdk-17\bin\server;E:\tool\apache-maven-3.9.9-bin\apache-maven-3.9.9\lib\jansi-native\Windows\x86_64

VM Arguments:
jvm_args: -Dclassworlds.conf=E:\tool\apache-maven-3.9.9-bin\apache-maven-3.9.9\bin\m2.conf -Dmaven.home=E:\tool\apache-maven-3.9.9-bin\apache-maven-3.9.9 -Dlibrary.jansi.path=E:\tool\apache-maven-3.9.9-bin\apache-maven-3.9.9\lib\jansi-native -Dmaven.multiModuleProjectDirectory=E:\project\microservices-demo\order-service 
java_command: org.codehaus.plexus.classworlds.launcher.Launcher spring-boot:run
java_class_path (initial): E:\tool\apache-maven-3.9.9-bin\apache-maven-3.9.9\boot\plexus-classworlds-2.8.0.jar
Launcher Type: SUN_STANDARD

[Global flags]
     intx CICompilerCount                          = 4                                         {product} {ergonomic}
     uint ConcGCThreads                            = 3                                         {product} {ergonomic}
     uint G1ConcRefinementThreads                  = 10                                        {product} {ergonomic}
   size_t G1HeapRegionSize                         = 2097152                                   {product} {ergonomic}
    uintx GCDrainStackTargetSize                   = 64                                        {product} {ergonomic}
   size_t InitialHeapSize                          = 268435456                                 {product} {ergonomic}
   size_t MarkStackSize                            = 4194304                                   {product} {ergonomic}
   size_t MaxHeapSize                              = 4282384384                                {product} {ergonomic}
   size_t MaxNewSize                               = 2569011200                                {product} {ergonomic}
   size_t MinHeapDeltaBytes                        = 2097152                                   {product} {ergonomic}
   size_t MinHeapSize                              = 8388608                                   {product} {ergonomic}
    uintx NonNMethodCodeHeapSize                   = 5839372                                {pd product} {ergonomic}
    uintx NonProfiledCodeHeapSize                  = 122909434                              {pd product} {ergonomic}
    uintx ProfiledCodeHeapSize                     = 122909434                              {pd product} {ergonomic}
    uintx ReservedCodeCacheSize                    = 251658240                              {pd product} {ergonomic}
     bool SegmentedCodeCache                       = true                                      {product} {ergonomic}
   size_t SoftMaxHeapSize                          = 4282384384                             {manageable} {ergonomic}
     bool UseCompressedClassPointers               = true                           {product lp64_product} {ergonomic}
     bool UseCompressedOops                        = true                           {product lp64_product} {ergonomic}
     bool UseG1GC                                  = true                                      {product} {ergonomic}
     bool UseLargePagesIndividualAllocation        = false                                  {pd product} {ergonomic}

Logging:
Log output configuration:
 #0: stdout all=warning uptime,level,tags
 #1: stderr all=off uptime,level,tags

Environment Variables:
JAVA_HOME=C:\Program Files\Java\jdk-17
PATH=C:\Program Files\Java\jdk-17\bin;C:\Program Files\Common Files\Oracle\Java\javapath;C:\Windows\system32;C:\Windows;C:\Windows\System32\Wbem;C:\Windows\System32\WindowsPowerShell\v1.0\;C:\Windows\System32\OpenSSH\;C:\WINDOWS\system32;C:\WINDOWS;C:\WINDOWS\System32\Wbem;C:\WINDOWS\System32\WindowsPowerShell\v1.0\;C:\WINDOWS\System32\OpenSSH\;C:\Program Files\Microsoft SQL Server\Client SDK\ODBC\170\Tools\Binn\;C:\Program Files (x86)\Microsoft SQL Server\150\Tools\Binn\;C:\Program Files\Microsoft SQL Server\150\Tools\Binn\;C:\Program Files\Microsoft SQL Server\150\DTS\Binn\;C:\Program Files (x86)\dotnet\;C:\Program Files\Git\cmd;E:\tool\apache-maven-3.9.9-bin\apache-maven-3.9.9\bin;;C:\Program Files\Docker\Docker\resources\bin;E:\tool\;C:\Users\VanDung\AppData\Local\Microsoft\WindowsApps;;C:\Program Files\Azure Data Studio\bin;E:\tool\Microsoft VS Code\bin;C:\Users\Van Dung\AppData\Roaming\npm;C:\Users\Van Dung\AppData\Local\Programs\cursor\resources\app\bin
USERNAME=Van Dung
OS=Windows_NT
PROCESSOR_IDENTIFIER=AMD64 Family 23 Model 113 Stepping 0, AuthenticAMD



---------------  S Y S T E M  ---------------

OS:
 Windows 10 , 64 bit Build 19041 (10.0.19041.5915)
OS uptime: 0 days 11:18 hours
Hyper-V role detected

CPU: total 12 (initial active 12) (12 cores per cpu, 2 threads per core) family 23 model 113 stepping 0 microcode 0x0, cx8, cmov, fxsr, ht, mmx, 3dnowpref, sse, sse2, sse3, ssse3, sse4a, sse4.1, sse4.2, popcnt, lzcnt, tsc, tscinvbit, avx, avx2, aes, clmul, bmi1, bmi2, adx, sha, fma, vzeroupper, clflush, clflushopt, hv

Memory: 4k page, system-wide physical 16333M (3089M free)
TotalPageFile size 16333M (AvailPageFile size 4M)
current process WorkingSet (physical memory assigned to process): 177M, peak: 177M
current process commit charge ("private bytes"): 399M, peak: 401M

vm_info: Java HotSpot(TM) 64-Bit Server VM (17.0.14+8-LTS-191) for windows-amd64 JRE (17.0.14+8-LTS-191), built on Dec  3 2024 11:07:59 by "mach5one" with MS VC++ 17.6 (VS2022)

END.
